# JRE version: OpenJDK Runtime Environment (11.0.12+7) (build 11.0.12+7-b1504.28-7817840)
# Java VM: OpenJDK 64-Bit Server VM (11.0.12+7-b1504.28-7817840, mixed mode, tiered, compressed oops, g1 gc, windows-amd64)
Heap:
 garbage-first heap   total 433152K, used 324394K [0x0000000080000000, 0x0000000100000000)
  region size 1024K, 16 young (16384K), 9 survivors (9216K)
 Metaspace       used 125743K, capacity 129069K, committed 129392K, reserved 1161216K
  class space    used 15845K, capacity 17129K, committed 17228K, reserved 1048576K
GC Heap History (20 events):
Event: 52.774 GC heap before
{Heap before GC invocations=81 (full 0):
 garbage-first heap   total 433152K, used 379838K [0x0000000080000000, 0x0000000100000000)
  region size 1024K, 64 young (65536K), 2 survivors (2048K)
 Metaspace       used 112516K, capacity 115414K, committed 115568K, reserved 1148928K
  class space    used 14204K, capacity 15313K, committed 15436K, reserved 1048576K
}
Event: 52.782 GC heap after
{Heap after GC invocations=82 (full 0):
 garbage-first heap   total 433152K, used 301684K [0x0000000080000000, 0x0000000100000000)
  region size 1024K, 7 young (7168K), 7 survivors (7168K)
 Metaspace       used 112516K, capacity 115414K, committed 115568K, reserved 1148928K
  class space    used 14204K, capacity 15313K, committed 15436K, reserved 1048576K
}
Event: 53.632 GC heap before
{Heap before GC invocations=82 (full 0):
 garbage-first heap   total 433152K, used 363124K [0x0000000080000000, 0x0000000100000000)
  region size 1024K, 68 young (69632K), 7 survivors (7168K)
 Metaspace       used 115141K, capacity 118008K, committed 118128K, reserved 1153024K
  class space    used 14498K, capacity 15643K, committed 15692K, reserved 1048576K
}
Event: 53.639 GC heap after
{Heap after GC invocations=83 (full 0):
 garbage-first heap   total 433152K, used 302702K [0x0000000080000000, 0x0000000100000000)
  region size 1024K, 4 young (4096K), 4 survivors (4096K)
 Metaspace       used 115141K, capacity 118008K, committed 118128K, reserved 1153024K
  class space    used 14498K, capacity 15643K, committed 15692K, reserved 1048576K
}
Event: 55.256 GC heap before
{Heap before GC invocations=83 (full 0):
 garbage-first heap   total 433152K, used 367214K [0x0000000080000000, 0x0000000100000000)
  region size 1024K, 67 young (68608K), 4 survivors (4096K)
 Metaspace       used 115412K, capacity 118318K, committed 118384K, reserved 1153024K
  class space    used 14534K, capacity 15681K, committed 15692K, reserved 1048576K
}
Event: 55.262 GC heap after
{Heap after GC invocations=84 (full 0):
 garbage-first heap   total 433152K, used 302914K [0x0000000080000000, 0x0000000100000000)
  region size 1024K, 4 young (4096K), 4 survivors (4096K)
 Metaspace       used 115412K, capacity 118318K, committed 118384K, reserved 1153024K
  class space    used 14534K, capacity 15681K, committed 15692K, reserved 1048576K
}
Event: 75.922 GC heap before
{Heap before GC invocations=84 (full 0):
 garbage-first heap   total 433152K, used 368450K [0x0000000080000000, 0x0000000100000000)
  region size 1024K, 69 young (70656K), 4 survivors (4096K)
 Metaspace       used 118421K, capacity 121523K, committed 121712K, reserved 1155072K
  class space    used 14954K, capacity 16173K, committed 16204K, reserved 1048576K
}
Event: 75.934 GC heap after
{Heap after GC invocations=85 (full 0):
 garbage-first heap   total 433152K, used 304580K [0x0000000080000000, 0x0000000100000000)
  region size 1024K, 6 young (6144K), 6 survivors (6144K)
 Metaspace       used 118421K, capacity 121523K, committed 121712K, reserved 1155072K
  class space    used 14954K, capacity 16173K, committed 16204K, reserved 1048576K
}
Event: 76.184 GC heap before
{Heap before GC invocations=85 (full 0):
 garbage-first heap   total 433152K, used 370116K [0x0000000080000000, 0x0000000100000000)
  region size 1024K, 71 young (72704K), 6 survivors (6144K)
 Metaspace       used 118431K, capacity 121557K, committed 121840K, reserved 1155072K
  class space    used 14956K, capacity 16206K, committed 16332K, reserved 1048576K
}
Event: 76.189 GC heap after
{Heap after GC invocations=86 (full 0):
 garbage-first heap   total 433152K, used 304564K [0x0000000080000000, 0x0000000100000000)
  region size 1024K, 3 young (3072K), 3 survivors (3072K)
 Metaspace       used 118431K, capacity 121557K, committed 121840K, reserved 1155072K
  class space    used 14956K, capacity 16206K, committed 16332K, reserved 1048576K
}
Event: 76.692 GC heap before
{Heap before GC invocations=86 (full 0):
 garbage-first heap   total 433152K, used 372148K [0x0000000080000000, 0x0000000100000000)
  region size 1024K, 69 young (70656K), 3 survivors (3072K)
 Metaspace       used 118433K, capacity 121557K, committed 121840K, reserved 1155072K
  class space    used 14956K, capacity 16206K, committed 16332K, reserved 1048576K
}
Event: 76.696 GC heap after
{Heap after GC invocations=87 (full 0):
 garbage-first heap   total 433152K, used 304318K [0x0000000080000000, 0x0000000100000000)
  region size 1024K, 2 young (2048K), 2 survivors (2048K)
 Metaspace       used 118433K, capacity 121557K, committed 121840K, reserved 1155072K
  class space    used 14956K, capacity 16206K, committed 16332K, reserved 1048576K
}
Event: 77.402 GC heap before
{Heap before GC invocations=87 (full 0):
 garbage-first heap   total 433152K, used 372926K [0x0000000080000000, 0x0000000100000000)
  region size 1024K, 70 young (71680K), 2 survivors (2048K)
 Metaspace       used 119550K, capacity 122756K, committed 122992K, reserved 1157120K
  class space    used 15066K, capacity 16327K, committed 16460K, reserved 1048576K
}
Event: 77.411 GC heap after
{Heap after GC invocations=88 (full 0):
 garbage-first heap   total 433152K, used 308063K [0x0000000080000000, 0x0000000100000000)
  region size 1024K, 6 young (6144K), 6 survivors (6144K)
 Metaspace       used 119550K, capacity 122756K, committed 122992K, reserved 1157120K
  class space    used 15066K, capacity 16327K, committed 16460K, reserved 1048576K
}
Event: 77.840 GC heap before
{Heap before GC invocations=88 (full 0):
 garbage-first heap   total 433152K, used 374623K [0x0000000080000000, 0x0000000100000000)
  region size 1024K, 72 young (73728K), 6 survivors (6144K)
 Metaspace       used 119567K, capacity 122826K, committed 122992K, reserved 1157120K
  class space    used 15066K, capacity 16328K, committed 16460K, reserved 1048576K
}
Event: 77.848 GC heap after
{Heap after GC invocations=89 (full 0):
 garbage-first heap   total 433152K, used 310051K [0x0000000080000000, 0x0000000100000000)
  region size 1024K, 6 young (6144K), 6 survivors (6144K)
 Metaspace       used 119567K, capacity 122826K, committed 122992K, reserved 1157120K
  class space    used 15066K, capacity 16328K, committed 16460K, reserved 1048576K
}
Event: 78.992 GC heap before
{Heap before GC invocations=89 (full 0):
 garbage-first heap   total 433152K, used 376611K [0x0000000080000000, 0x0000000100000000)
  region size 1024K, 72 young (73728K), 6 survivors (6144K)
 Metaspace       used 119571K, capacity 122826K, committed 122992K, reserved 1157120K
  class space    used 15066K, capacity 16328K, committed 16460K, reserved 1048576K
}
Event: 79.001 GC heap after
{Heap after GC invocations=90 (full 0):
 garbage-first heap   total 433152K, used 311980K [0x0000000080000000, 0x0000000100000000)
  region size 1024K, 5 young (5120K), 5 survivors (5120K)
 Metaspace       used 119571K, capacity 122826K, committed 122992K, reserved 1157120K
  class space    used 15066K, capacity 16328K, committed 16460K, reserved 1048576K
}
Event: 80.061 GC heap before
{Heap before GC invocations=90 (full 0):
 garbage-first heap   total 433152K, used 379564K [0x0000000080000000, 0x0000000100000000)
  region size 1024K, 70 young (71680K), 5 survivors (5120K)
 Metaspace       used 125688K, capacity 128996K, committed 129136K, reserved 1161216K
  class space    used 15841K, capacity 17126K, committed 17228K, reserved 1048576K
}
Event: 80.070 GC heap after
{Heap after GC invocations=91 (full 0):
 garbage-first heap   total 433152K, used 318250K [0x0000000080000000, 0x0000000100000000)
  region size 1024K, 9 young (9216K), 9 survivors (9216K)
 Metaspace       used 125688K, capacity 128996K, committed 129136K, reserved 1161216K
  class space    used 15841K, capacity 17126K, committed 17228K, reserved 1048576K
}

